2026-02-23 18:34:59,372 - ArbConnection - INFO - [1m[96m🔌 Подключение...[0m
2026-02-23 18:34:59,522 - ArbConnection - INFO - [92m✅ Счет: TRQD05:562750[0m
2026-02-23 18:35:23,638 - ArbConnection - INFO - [1m[96m🔌 Подключение...[0m
2026-02-23 18:35:23,802 - ArbConnection - INFO - [92m✅ Счет: TRQD05:562750[0m
2026-02-23 18:35:23,803 - ArbMonitor - INFO - [96m📡 Мониторинг 12 пар[0m
2026-02-23 18:35:56,801 - Arbitrage - INFO - Остановка по запросу
2026-02-23 18:35:56,801 - ArbMonitor - INFO - 🛑 Мониторинг остановлен
2026-02-23 18:35:56,801 - ArbConnection - INFO - 🔌 Соединение закрыто
2026-02-23 18:35:56,801 - Arbitrage - INFO - Бот остановлен
2026-02-23 18:36:01,233 - ArbConnection - INFO - [1m[96m🔌 Подключение...[0m
2026-02-23 18:36:01,420 - ArbConnection - INFO - [92m✅ Счет: TRQD05:562750[0m
2026-02-23 18:36:01,421 - ArbMonitor - INFO - [96m📡 Мониторинг 12 пар[0m
2026-02-23 18:38:50,779 - Arbitrage - INFO - Остановка по запросу
2026-02-23 18:38:50,779 - ArbMonitor - INFO - 🛑 Мониторинг остановлен
2026-02-23 18:38:50,779 - ArbConnection - INFO - 🔌 Соединение закрыто
2026-02-23 18:38:50,779 - Arbitrage - INFO - Бот остановлен
2026-02-23 20:12:45,461 - ArbConnection - INFO - [1m[96m🔌 Подключение...[0m
2026-02-23 20:12:45,648 - ArbConnection - INFO - [92m✅ Счет: TRQD05:562750[0m
2026-02-23 20:14:00,817 - ArbConnection - INFO - [1m[96m🔌 Подключение...[0m
2026-02-23 20:14:00,997 - ArbConnection - INFO - [92m✅ Счет: TRQD05:562750[0m
2026-02-23 20:14:49,236 - ArbConnection - INFO - [1m[96m🔌 Подключение...[0m
2026-02-23 20:14:49,412 - ArbConnection - INFO - [92m✅ Счет: TRQD05:562750[0m
2026-02-23 20:15:53,963 - ArbConnection - INFO - [1m[96m🔌 Подключение...[0m
2026-02-23 20:15:54,211 - ArbConnection - INFO - [92m✅ Счет: TRQD05:562750[0m
2026-02-23 20:15:54,212 - ArbMonitor - INFO - [96m📡 Мониторинг 12 пар[0m
2026-02-23 20:16:09,748 - Arbitrage - INFO - Остановка по запросу
2026-02-23 20:16:09,748 - ArbMonitor - INFO - 🛑 Мониторинг остановлен
2026-02-23 20:16:09,748 - ArbConnection - INFO - 🔌 Соединение закрыто
2026-02-23 20:16:09,748 - Arbitrage - INFO - Бот остановлен
2026-02-23 20:16:33,683 - ArbConnection - INFO - [1m[96m🔌 Подключение...[0m
2026-02-23 20:16:33,853 - ArbConnection - INFO - [92m✅ Счет: TRQD05:562750[0m
2026-02-23 20:16:33,854 - ArbMonitor - INFO - [96m📡 Мониторинг 12 пар[0m
2026-02-23 20:16:58,649 - Arbitrage - INFO - Остановка по запросу
2026-02-23 20:16:58,649 - ArbMonitor - INFO - 🛑 Мониторинг остановлен
2026-02-23 20:16:58,650 - ArbConnection - INFO - 🔌 Соединение закрыто
2026-02-23 20:16:58,650 - Arbitrage - INFO - Бот остановлен
2026-02-23 21:58:52,518 - ArbConnection - INFO - [1m[96m🔌 Подключение...[0m
2026-02-23 21:58:52,700 - ArbConnection - INFO - [92m✅ Счет: TRQD05:562750[0m
2026-02-23 22:00:15,268 - ArbConnection - INFO - [1m[96m🔌 Подключение...[0m
2026-02-23 22:00:15,445 - ArbConnection - INFO - [92m✅ Счет: TRQD05:562750[0m
2026-02-23 22:00:15,446 - ArbMonitor - INFO - [96m📡 Мониторинг 12 пар[0m
2026-02-23 22:00:40,385 - Arbitrage - INFO - Остановка по запросу
2026-02-23 22:00:40,385 - ArbMonitor - INFO - 🛑 Мониторинг остановлен
2026-02-23 22:00:40,385 - ArbConnection - INFO - 🔌 Соединение закрыто
2026-02-23 22:00:40,386 - Arbitrage - INFO - Бот остановлен
2026-02-23 22:14:19,827 - ArbConnection - INFO - [1m[96m🔌 Подключение...[0m
2026-02-23 22:14:20,069 - ArbConnection - INFO - [92m✅ Счет: TRQD05:562750[0m
2026-02-23 22:14:20,075 - ArbMonitor - INFO - [96m📡 Мониторинг 12 пар[0m
2026-02-23 22:14:26,975 - Arbitrage - INFO - Остановка по запросу
2026-02-23 22:14:26,975 - ArbMonitor - INFO - 🛑 Мониторинг остановлен
2026-02-23 22:14:26,975 - ArbConnection - INFO - 🔌 Соединение закрыто
2026-02-23 22:14:26,975 - Arbitrage - INFO - Бот остановлен
