2026-02-23 14:28:19,837 - Main - INFO - Инициализация подключения...
2026-02-23 14:28:19,837 - FinamConnection - INFO - 🔄 Подключение к Finam API...
2026-02-23 14:28:19,950 - FinamConnection - ERROR - ❌ Ошибка подключения: <_InactiveRpcError of RPC that terminated with:
	status = StatusCode.UNAUTHENTICATED
	details = "Api token could not be verified"
	debug_error_string = "UNKNOWN:Error received from peer  {grpc_status:16, grpc_message:"Api token could not be verified"}"
>
2026-02-23 14:28:19,951 - Main - ERROR - Не удалось подключиться к Finam API
2026-02-23 14:29:21,296 - Main - INFO - Инициализация подключения...
2026-02-23 14:29:21,297 - FinamConnection - INFO - 🔄 Подключение к Finam API...
2026-02-23 14:29:21,497 - FinamConnection - INFO - ✅ Подключено к счету: TRQD05:562750
2026-02-23 14:29:21,498 - Main - INFO - Создание монитора валют...
2026-02-23 14:29:21,498 - CurrencyMonitor - INFO - 💱 Монитор инициализирован: 17 валют
2026-02-23 14:29:21,498 - CurrencyMonitor - INFO - 🚀 Запуск мониторинга валют...
2026-02-23 14:29:21,499 - CurrencyMonitor - INFO - ✅ Мониторинг запущен для 17 валютных пар
2026-02-23 14:30:03,183 - Main - INFO - Получен сигнал остановки
2026-02-23 14:30:03,183 - CurrencyMonitor - INFO - 🛑 Мониторинг остановлен
2026-02-23 14:30:03,184 - CurrencyMonitor - INFO - 💾 Снимок сохранен: final_20260223_143003.json
2026-02-23 14:30:03,184 - FinamConnection - INFO - 🔌 Соединение закрыто
2026-02-23 14:30:03,185 - Main - INFO - Мониторинг остановлен
2026-02-23 14:30:03,185 - CurrencyMonitor - INFO - 🛑 Мониторинг остановлен
2026-02-23 14:30:03,185 - CurrencyMonitor - INFO - 💾 Снимок сохранен: final_20260223_143003.json
2026-02-23 14:30:03,185 - FinamConnection - INFO - 🔌 Соединение закрыто
2026-02-23 14:30:03,186 - Main - INFO - Мониторинг остановлен
2026-02-23 14:30:08,396 - Main - INFO - Инициализация подключения...
2026-02-23 14:30:08,397 - FinamConnection - INFO - 🔄 Подключение к Finam API...
2026-02-23 14:30:08,598 - FinamConnection - INFO - ✅ Подключено к счету: TRQD05:562750
2026-02-23 14:30:08,598 - Main - INFO - Создание монитора валют...
2026-02-23 14:30:08,598 - CurrencyMonitor - INFO - 💱 Монитор инициализирован: 17 валют
2026-02-23 14:30:08,599 - FinamConnection - INFO - ============================================================
2026-02-23 14:30:08,599 - FinamConnection - INFO - 🔍 ЗАПУСК ДИАГНОСТИКИ FINAM API
2026-02-23 14:30:08,599 - FinamConnection - INFO - ============================================================
2026-02-23 14:30:08,599 - FinamConnection - INFO - 
📡 1. Проверка подключения...
2026-02-23 14:30:08,599 - FinamConnection - INFO -    ✅ Подключение активно
2026-02-23 14:30:08,599 - FinamConnection - INFO - 
⏰ 2. Проверка времени на сервере...
2026-02-23 14:30:08,607 - FinamConnection - INFO -    ✅ Время синхронизировано (разница 0.6 сек)
2026-02-23 14:30:08,607 - FinamConnection - INFO - 
💰 3. Проверка счетов...
2026-02-23 14:30:08,607 - FinamConnection - INFO -    ✅ Найдено счетов: 1
2026-02-23 14:30:08,607 - FinamConnection - INFO -       - TRQD05:562750
2026-02-23 14:30:08,607 - FinamConnection - INFO - 
💱 4. Проверка валютной секции...
2026-02-23 14:30:08,607 - FinamConnection - INFO -    ⚠️ 🇺🇸 Доллар США: недоступна
2026-02-23 14:30:08,607 - FinamConnection - INFO -    ⚠️ 🇪🇺 Евро: недоступна
2026-02-23 14:30:08,607 - FinamConnection - INFO -    ⚠️ 🇨🇳 Китайский юань: недоступна
2026-02-23 14:30:08,607 - FinamConnection - INFO -    ⚠️ 🇬🇧 Фунт стерлингов: недоступна
2026-02-23 14:30:08,607 - FinamConnection - INFO -    ⚠️ 🇨🇭 Швейцарский франк: недоступна
2026-02-23 14:30:08,607 - FinamConnection - INFO -    ⚠️ 🇯🇵 Японская иена: недоступна
2026-02-23 14:30:08,608 - FinamConnection - INFO -    ⚠️ 🇭🇰 Гонконгский доллар: недоступна
2026-02-23 14:30:08,608 - FinamConnection - INFO -    ⚠️ 🇧🇾 Белорусский рубль: недоступна
2026-02-23 14:30:08,608 - FinamConnection - INFO -    ⚠️ 🇰🇿 Казахстанский тенге: недоступна
2026-02-23 14:30:08,608 - FinamConnection - INFO -    ⚠️ 🇹🇷 Турецкая лира: недоступна
2026-02-23 14:30:08,608 - FinamConnection - INFO -    ⚠️ 🇦🇺 Австралийский доллар: недоступна
2026-02-23 14:30:08,608 - FinamConnection - INFO -    ⚠️ 🇨🇦 Канадский доллар: недоступна
2026-02-23 14:30:08,608 - FinamConnection - INFO -    ⚠️ 🇳🇴 Норвежская крона: недоступна
2026-02-23 14:30:08,608 - FinamConnection - INFO -    ⚠️ 🇸🇪 Шведская крона: недоступна
2026-02-23 14:30:08,608 - FinamConnection - INFO -    ⚠️ 🇩🇰 Датская крона: недоступна
2026-02-23 14:30:08,608 - FinamConnection - INFO -    ⚠️ 🇨🇿 Чешская крона: недоступна
2026-02-23 14:30:08,608 - FinamConnection - INFO -    ⚠️ 🇵🇱 Польский злотый: недоступна
2026-02-23 14:30:08,608 - FinamConnection - INFO - 
📊 5. Проверка баланса...
2026-02-23 14:30:08,665 - FinamConnection - INFO - 
⚡ 6. Проверка скорости ответа...
2026-02-23 14:30:08,672 - FinamConnection - INFO -    ✅ Время ответа: 6.7 мс
2026-02-23 14:30:08,673 - FinamConnection - INFO - 
============================================================
2026-02-23 14:30:08,673 - FinamConnection - INFO - ✅ ДИАГНОСТИКА ЗАВЕРШЕНА
2026-02-23 14:30:08,673 - FinamConnection - INFO - ============================================================
2026-02-23 14:30:08,673 - CurrencyMonitor - INFO - 🛑 Мониторинг остановлен
2026-02-23 14:30:08,674 - CurrencyMonitor - INFO - 💾 Снимок сохранен: final_20260223_143008.json
2026-02-23 14:30:08,675 - FinamConnection - INFO - 🔌 Соединение закрыто
2026-02-23 14:30:08,675 - Main - INFO - Мониторинг остановлен
2026-02-23 14:30:55,393 - FinamConnection - INFO - 🔄 Подключение к Finam API...
2026-02-23 14:30:55,520 - FinamConnection - INFO - ✅ Подключено к счету: TRQD05:562750
2026-02-23 14:30:55,520 - FinamConnection - INFO - ============================================================
2026-02-23 14:30:55,520 - FinamConnection - INFO - 🔍 ЗАПУСК ДИАГНОСТИКИ FINAM API
2026-02-23 14:30:55,520 - FinamConnection - INFO - ============================================================
2026-02-23 14:30:55,520 - FinamConnection - INFO - 
📡 1. Проверка подключения...
2026-02-23 14:30:55,520 - FinamConnection - INFO -    ✅ Подключение активно
2026-02-23 14:30:55,520 - FinamConnection - INFO - 
⏰ 2. Проверка времени на сервере...
2026-02-23 14:30:55,530 - FinamConnection - INFO -    ✅ Время синхронизировано (разница 0.5 сек)
2026-02-23 14:30:55,530 - FinamConnection - INFO - 
💰 3. Проверка счетов...
2026-02-23 14:30:55,530 - FinamConnection - INFO -    ✅ Найдено счетов: 1
2026-02-23 14:30:55,530 - FinamConnection - INFO -       - TRQD05:562750
2026-02-23 14:30:55,530 - FinamConnection - INFO - 
💱 4. Проверка валютной секции...
2026-02-23 14:30:55,531 - FinamConnection - INFO -    ⚠️ 🇺🇸 Доллар США: недоступна
2026-02-23 14:30:55,531 - FinamConnection - INFO -    ⚠️ 🇪🇺 Евро: недоступна
2026-02-23 14:30:55,531 - FinamConnection - INFO -    ⚠️ 🇨🇳 Китайский юань: недоступна
2026-02-23 14:30:55,531 - FinamConnection - INFO -    ⚠️ 🇬🇧 Фунт стерлингов: недоступна
2026-02-23 14:30:55,531 - FinamConnection - INFO -    ⚠️ 🇨🇭 Швейцарский франк: недоступна
2026-02-23 14:30:55,531 - FinamConnection - INFO -    ⚠️ 🇯🇵 Японская иена: недоступна
2026-02-23 14:30:55,531 - FinamConnection - INFO -    ⚠️ 🇭🇰 Гонконгский доллар: недоступна
2026-02-23 14:30:55,531 - FinamConnection - INFO -    ⚠️ 🇧🇾 Белорусский рубль: недоступна
2026-02-23 14:30:55,532 - FinamConnection - INFO -    ⚠️ 🇰🇿 Казахстанский тенге: недоступна
2026-02-23 14:30:55,532 - FinamConnection - INFO -    ⚠️ 🇹🇷 Турецкая лира: недоступна
2026-02-23 14:30:55,532 - FinamConnection - INFO -    ⚠️ 🇦🇺 Австралийский доллар: недоступна
2026-02-23 14:30:55,532 - FinamConnection - INFO -    ⚠️ 🇨🇦 Канадский доллар: недоступна
2026-02-23 14:30:55,532 - FinamConnection - INFO -    ⚠️ 🇳🇴 Норвежская крона: недоступна
2026-02-23 14:30:55,532 - FinamConnection - INFO -    ⚠️ 🇸🇪 Шведская крона: недоступна
2026-02-23 14:30:55,532 - FinamConnection - INFO -    ⚠️ 🇩🇰 Датская крона: недоступна
2026-02-23 14:30:55,532 - FinamConnection - INFO -    ⚠️ 🇨🇿 Чешская крона: недоступна
2026-02-23 14:30:55,532 - FinamConnection - INFO -    ⚠️ 🇵🇱 Польский злотый: недоступна
2026-02-23 14:30:55,532 - FinamConnection - INFO - 
📊 5. Проверка баланса...
2026-02-23 14:30:55,584 - FinamConnection - INFO - 
⚡ 6. Проверка скорости ответа...
2026-02-23 14:30:55,590 - FinamConnection - INFO -    ✅ Время ответа: 5.4 мс
2026-02-23 14:30:55,590 - FinamConnection - INFO - 
============================================================
2026-02-23 14:30:55,591 - FinamConnection - INFO - ✅ ДИАГНОСТИКА ЗАВЕРШЕНА
2026-02-23 14:30:55,591 - FinamConnection - INFO - ============================================================
2026-02-23 14:30:55,591 - CurrencyMonitor - INFO - 💱 Монитор инициализирован: 17 валют
2026-02-23 14:30:55,592 - CurrencyMonitor - INFO - 🚀 Запуск мониторинга валют...
2026-02-23 14:30:55,592 - CurrencyMonitor - INFO - ✅ Мониторинг запущен для 17 валютных пар
2026-02-23 14:31:00,594 - CurrencyMonitor - INFO - 🛑 Мониторинг остановлен
2026-02-23 14:31:00,594 - FinamConnection - INFO - 🔌 Соединение закрыто
2026-02-23 14:31:46,907 - Main - INFO - Инициализация подключения...
2026-02-23 14:31:46,907 - FinamConnection - INFO - 🔄 Подключение к Finam API...
2026-02-23 14:31:47,076 - FinamConnection - INFO - ✅ Подключено к счету: TRQD05:562750
2026-02-23 14:31:47,077 - Main - INFO - Создание монитора валют...
2026-02-23 14:31:47,077 - CurrencyMonitor - INFO - 💱 Монитор инициализирован: 17 валют
2026-02-23 14:31:47,077 - CurrencyMonitor - INFO - 🚀 Запуск мониторинга валют...
2026-02-23 14:31:47,078 - CurrencyMonitor - INFO - ✅ Мониторинг запущен для 17 валютных пар
2026-02-23 14:32:38,343 - Main - INFO - Получен сигнал остановки
2026-02-23 14:32:38,344 - CurrencyMonitor - INFO - 🛑 Мониторинг остановлен
2026-02-23 14:32:38,344 - CurrencyMonitor - INFO - 💾 Снимок сохранен: final_20260223_143238.json
2026-02-23 14:32:38,344 - FinamConnection - INFO - 🔌 Соединение закрыто
2026-02-23 14:32:38,344 - Main - INFO - Мониторинг остановлен
2026-02-23 14:32:38,344 - CurrencyMonitor - INFO - 🛑 Мониторинг остановлен
2026-02-23 14:32:38,344 - CurrencyMonitor - INFO - 💾 Снимок сохранен: final_20260223_143238.json
2026-02-23 14:32:38,345 - FinamConnection - INFO - 🔌 Соединение закрыто
2026-02-23 14:32:38,345 - Main - INFO - Мониторинг остановлен
2026-02-23 14:32:43,546 - Main - INFO - Инициализация подключения...
2026-02-23 14:32:43,546 - FinamConnection - INFO - 🔄 Подключение к Finam API...
2026-02-23 14:32:44,092 - FinamConnection - INFO - ✅ Подключено к счету: TRQD05:562750
2026-02-23 14:32:44,092 - Main - INFO - Создание монитора валют...
2026-02-23 14:32:44,092 - CurrencyMonitor - INFO - 💱 Монитор инициализирован: 17 валют
2026-02-23 14:32:44,093 - CurrencyMonitor - INFO - 🚀 Запуск мониторинга валют...
2026-02-23 14:32:44,093 - CurrencyMonitor - INFO - ✅ Мониторинг запущен для 17 валютных пар
2026-02-23 14:34:26,815 - FinamConnection - INFO - 🔄 Подключение к Finam API...
2026-02-23 14:34:26,991 - FinamConnection - INFO - ✅ Подключено к счету: TRQD05:562750
2026-02-23 14:34:26,991 - FinamConnection - INFO - ============================================================
2026-02-23 14:34:26,991 - FinamConnection - INFO - 🔍 ЗАПУСК ДИАГНОСТИКИ FINAM API
2026-02-23 14:34:26,991 - FinamConnection - INFO - ============================================================
2026-02-23 14:34:26,991 - FinamConnection - INFO - 
📡 1. Проверка подключения...
2026-02-23 14:34:26,991 - FinamConnection - INFO -    ✅ Подключение активно
2026-02-23 14:34:26,991 - FinamConnection - INFO - 
⏰ 2. Проверка времени на сервере...
2026-02-23 14:34:26,998 - FinamConnection - INFO -    ✅ Время синхронизировано (разница 1.0 сек)
2026-02-23 14:34:26,998 - FinamConnection - INFO - 
💰 3. Проверка счетов...
2026-02-23 14:34:26,998 - FinamConnection - INFO -    ✅ Найдено счетов: 1
2026-02-23 14:34:26,998 - FinamConnection - INFO -       - TRQD05:562750
2026-02-23 14:34:26,999 - FinamConnection - INFO - 
💱 4. Проверка валютной секции...
2026-02-23 14:34:26,999 - FinamConnection - INFO -    ⚠️ 🇺🇸 Доллар США: недоступна
2026-02-23 14:34:26,999 - FinamConnection - INFO -    ⚠️ 🇪🇺 Евро: недоступна
2026-02-23 14:34:26,999 - FinamConnection - INFO -    ⚠️ 🇨🇳 Китайский юань: недоступна
2026-02-23 14:34:26,999 - FinamConnection - INFO -    ⚠️ 🇬🇧 Фунт стерлингов: недоступна
2026-02-23 14:34:26,999 - FinamConnection - INFO -    ⚠️ 🇨🇭 Швейцарский франк: недоступна
2026-02-23 14:34:26,999 - FinamConnection - INFO -    ⚠️ 🇯🇵 Японская иена: недоступна
2026-02-23 14:34:26,999 - FinamConnection - INFO -    ⚠️ 🇭🇰 Гонконгский доллар: недоступна
2026-02-23 14:34:27,000 - FinamConnection - INFO -    ⚠️ 🇧🇾 Белорусский рубль: недоступна
2026-02-23 14:34:27,000 - FinamConnection - INFO -    ⚠️ 🇰🇿 Казахстанский тенге: недоступна
2026-02-23 14:34:27,000 - FinamConnection - INFO -    ⚠️ 🇹🇷 Турецкая лира: недоступна
2026-02-23 14:34:27,000 - FinamConnection - INFO -    ⚠️ 🇦🇺 Австралийский доллар: недоступна
2026-02-23 14:34:27,000 - FinamConnection - INFO -    ⚠️ 🇨🇦 Канадский доллар: недоступна
2026-02-23 14:34:27,000 - FinamConnection - INFO -    ⚠️ 🇳🇴 Норвежская крона: недоступна
2026-02-23 14:34:27,000 - FinamConnection - INFO -    ⚠️ 🇸🇪 Шведская крона: недоступна
2026-02-23 14:34:27,000 - FinamConnection - INFO -    ⚠️ 🇩🇰 Датская крона: недоступна
2026-02-23 14:34:27,000 - FinamConnection - INFO -    ⚠️ 🇨🇿 Чешская крона: недоступна
2026-02-23 14:34:27,000 - FinamConnection - INFO -    ⚠️ 🇵🇱 Польский злотый: недоступна
2026-02-23 14:34:27,000 - FinamConnection - INFO - 
📊 5. Проверка баланса...
2026-02-23 14:34:27,059 - FinamConnection - INFO - 
⚡ 6. Проверка скорости ответа...
2026-02-23 14:34:27,064 - FinamConnection - INFO -    ✅ Время ответа: 5.1 мс
2026-02-23 14:34:27,065 - FinamConnection - INFO - 
============================================================
2026-02-23 14:34:27,065 - FinamConnection - INFO - ✅ ДИАГНОСТИКА ЗАВЕРШЕНА
2026-02-23 14:34:27,065 - FinamConnection - INFO - ============================================================
2026-02-23 14:34:27,065 - CurrencyMonitor - INFO - 💱 Монитор инициализирован: 17 валют
2026-02-23 14:34:27,066 - CurrencyMonitor - INFO - 🚀 Запуск мониторинга валют...
2026-02-23 14:34:27,066 - CurrencyMonitor - INFO - ✅ Мониторинг запущен для 17 валютных пар
2026-02-23 14:34:32,068 - CurrencyMonitor - INFO - 🛑 Мониторинг остановлен
2026-02-23 14:34:32,068 - FinamConnection - INFO - 🔌 Соединение закрыто
2026-02-23 14:37:44,094 - CurrencyMonitor - INFO - 💾 Снимок сохранен: /home/admin/Bot/FinamPy/data/snapshot_20260223_143744.json
2026-02-23 14:42:44,095 - CurrencyMonitor - INFO - 💾 Снимок сохранен: /home/admin/Bot/FinamPy/data/snapshot_20260223_144244.json
2026-02-23 14:47:09,400 - FinamConnection - INFO - 🔄 Подключение к Finam API...
2026-02-23 14:47:09,568 - FinamConnection - INFO - ✅ Подключено к счету: TRQD05:562750
2026-02-23 14:47:09,569 - FinamConnection - INFO - ============================================================
2026-02-23 14:47:09,569 - FinamConnection - INFO - 🔍 ЗАПУСК ДИАГНОСТИКИ FINAM API
2026-02-23 14:47:09,569 - FinamConnection - INFO - ============================================================
2026-02-23 14:47:09,569 - FinamConnection - INFO - 
📡 1. Проверка подключения...
2026-02-23 14:47:09,569 - FinamConnection - INFO -    ✅ Подключение активно
2026-02-23 14:47:09,569 - FinamConnection - INFO - 
⏰ 2. Проверка времени на сервере...
2026-02-23 14:47:09,577 - FinamConnection - INFO -    ✅ Время синхронизировано (разница 0.6 сек)
2026-02-23 14:47:09,577 - FinamConnection - INFO - 
💰 3. Проверка счетов...
2026-02-23 14:47:09,577 - FinamConnection - INFO -    ✅ Найдено счетов: 1
2026-02-23 14:47:09,577 - FinamConnection - INFO -       - TRQD05:562750
2026-02-23 14:47:09,577 - FinamConnection - INFO - 
💱 4. Проверка валютной секции...
2026-02-23 14:47:09,577 - FinamConnection - INFO -    ⚠️ 🇺🇸 Доллар США: недоступна
2026-02-23 14:47:09,578 - FinamConnection - INFO -    ⚠️ 🇪🇺 Евро: недоступна
2026-02-23 14:47:09,578 - FinamConnection - INFO -    ⚠️ 🇨🇳 Китайский юань: недоступна
2026-02-23 14:47:09,578 - FinamConnection - INFO -    ⚠️ 🇬🇧 Фунт стерлингов: недоступна
2026-02-23 14:47:09,578 - FinamConnection - INFO -    ⚠️ 🇨🇭 Швейцарский франк: недоступна
2026-02-23 14:47:09,578 - FinamConnection - INFO -    ⚠️ 🇯🇵 Японская иена: недоступна
2026-02-23 14:47:09,578 - FinamConnection - INFO -    ⚠️ 🇭🇰 Гонконгский доллар: недоступна
2026-02-23 14:47:09,578 - FinamConnection - INFO -    ⚠️ 🇧🇾 Белорусский рубль: недоступна
2026-02-23 14:47:09,578 - FinamConnection - INFO -    ⚠️ 🇰🇿 Казахстанский тенге: недоступна
2026-02-23 14:47:09,578 - FinamConnection - INFO -    ⚠️ 🇹🇷 Турецкая лира: недоступна
2026-02-23 14:47:09,578 - FinamConnection - INFO -    ⚠️ 🇦🇺 Австралийский доллар: недоступна
2026-02-23 14:47:09,578 - FinamConnection - INFO -    ⚠️ 🇨🇦 Канадский доллар: недоступна
2026-02-23 14:47:09,579 - FinamConnection - INFO -    ⚠️ 🇳🇴 Норвежская крона: недоступна
2026-02-23 14:47:09,579 - FinamConnection - INFO -    ⚠️ 🇸🇪 Шведская крона: недоступна
2026-02-23 14:47:09,579 - FinamConnection - INFO -    ⚠️ 🇩🇰 Датская крона: недоступна
2026-02-23 14:47:09,579 - FinamConnection - INFO -    ⚠️ 🇨🇿 Чешская крона: недоступна
2026-02-23 14:47:09,579 - FinamConnection - INFO -    ⚠️ 🇵🇱 Польский злотый: недоступна
2026-02-23 14:47:09,579 - FinamConnection - INFO - 
📊 5. Проверка баланса...
2026-02-23 14:47:09,624 - FinamConnection - INFO - 
⚡ 6. Проверка скорости ответа...
2026-02-23 14:47:09,631 - FinamConnection - INFO -    ✅ Время ответа: 6.4 мс
2026-02-23 14:47:09,631 - FinamConnection - INFO - 
============================================================
2026-02-23 14:47:09,631 - FinamConnection - INFO - ✅ ДИАГНОСТИКА ЗАВЕРШЕНА
2026-02-23 14:47:09,631 - FinamConnection - INFO - ============================================================
2026-02-23 14:47:09,632 - CurrencyMonitor - INFO - 💱 Монитор инициализирован: 17 валют
2026-02-23 14:47:09,633 - CurrencyMonitor - INFO - 🚀 Запуск мониторинга валют...
2026-02-23 14:47:09,633 - CurrencyMonitor - INFO - ✅ Мониторинг запущен для 17 валютных пар
2026-02-23 14:47:14,636 - CurrencyMonitor - INFO - 🛑 Мониторинг остановлен
2026-02-23 14:47:14,637 - FinamConnection - INFO - 🔌 Соединение закрыто
2026-02-23 14:47:44,096 - CurrencyMonitor - INFO - 💾 Снимок сохранен: /home/admin/Bot/FinamPy/data/snapshot_20260223_144744.json
2026-02-23 14:52:44,097 - CurrencyMonitor - INFO - 💾 Снимок сохранен: /home/admin/Bot/FinamPy/data/snapshot_20260223_145244.json
2026-02-23 14:57:44,097 - CurrencyMonitor - INFO - 💾 Снимок сохранен: /home/admin/Bot/FinamPy/data/snapshot_20260223_145744.json
2026-02-23 15:02:44,098 - CurrencyMonitor - INFO - 💾 Снимок сохранен: /home/admin/Bot/FinamPy/data/snapshot_20260223_150244.json
2026-02-23 15:07:44,099 - CurrencyMonitor - INFO - 💾 Снимок сохранен: /home/admin/Bot/FinamPy/data/snapshot_20260223_150744.json
2026-02-23 15:12:44,100 - CurrencyMonitor - INFO - 💾 Снимок сохранен: /home/admin/Bot/FinamPy/data/snapshot_20260223_151244.json
2026-02-23 15:17:44,101 - CurrencyMonitor - INFO - 💾 Снимок сохранен: /home/admin/Bot/FinamPy/data/snapshot_20260223_151744.json
2026-02-23 15:22:44,102 - CurrencyMonitor - INFO - 💾 Снимок сохранен: /home/admin/Bot/FinamPy/data/snapshot_20260223_152244.json
2026-02-23 15:27:44,103 - CurrencyMonitor - INFO - 💾 Снимок сохранен: /home/admin/Bot/FinamPy/data/snapshot_20260223_152744.json
2026-02-23 15:32:44,104 - CurrencyMonitor - INFO - 💾 Снимок сохранен: /home/admin/Bot/FinamPy/data/snapshot_20260223_153244.json
2026-02-23 15:37:44,105 - CurrencyMonitor - INFO - 💾 Снимок сохранен: /home/admin/Bot/FinamPy/data/snapshot_20260223_153744.json
2026-02-23 15:42:44,106 - CurrencyMonitor - INFO - 💾 Снимок сохранен: /home/admin/Bot/FinamPy/data/snapshot_20260223_154244.json
2026-02-23 15:47:44,106 - CurrencyMonitor - INFO - 💾 Снимок сохранен: /home/admin/Bot/FinamPy/data/snapshot_20260223_154744.json
2026-02-23 15:52:44,108 - CurrencyMonitor - INFO - 💾 Снимок сохранен: /home/admin/Bot/FinamPy/data/snapshot_20260223_155244.json
2026-02-23 15:57:44,109 - CurrencyMonitor - INFO - 💾 Снимок сохранен: /home/admin/Bot/FinamPy/data/snapshot_20260223_155744.json
2026-02-23 16:02:44,110 - CurrencyMonitor - INFO - 💾 Снимок сохранен: /home/admin/Bot/FinamPy/data/snapshot_20260223_160244.json
2026-02-23 16:07:44,111 - CurrencyMonitor - INFO - 💾 Снимок сохранен: /home/admin/Bot/FinamPy/data/snapshot_20260223_160744.json
2026-02-23 16:12:44,112 - CurrencyMonitor - INFO - 💾 Снимок сохранен: /home/admin/Bot/FinamPy/data/snapshot_20260223_161244.json
2026-02-23 16:17:44,113 - CurrencyMonitor - INFO - 💾 Снимок сохранен: /home/admin/Bot/FinamPy/data/snapshot_20260223_161744.json
2026-02-23 16:22:44,114 - CurrencyMonitor - INFO - 💾 Снимок сохранен: /home/admin/Bot/FinamPy/data/snapshot_20260223_162244.json
2026-02-23 16:27:44,115 - CurrencyMonitor - INFO - 💾 Снимок сохранен: /home/admin/Bot/FinamPy/data/snapshot_20260223_162744.json
2026-02-23 16:32:44,116 - CurrencyMonitor - INFO - 💾 Снимок сохранен: /home/admin/Bot/FinamPy/data/snapshot_20260223_163244.json
2026-02-23 16:37:44,117 - CurrencyMonitor - INFO - 💾 Снимок сохранен: /home/admin/Bot/FinamPy/data/snapshot_20260223_163744.json
2026-02-23 16:42:44,118 - CurrencyMonitor - INFO - 💾 Снимок сохранен: /home/admin/Bot/FinamPy/data/snapshot_20260223_164244.json
2026-02-23 16:47:44,119 - CurrencyMonitor - INFO - 💾 Снимок сохранен: /home/admin/Bot/FinamPy/data/snapshot_20260223_164744.json
2026-02-23 16:52:44,119 - CurrencyMonitor - INFO - 💾 Снимок сохранен: /home/admin/Bot/FinamPy/data/snapshot_20260223_165244.json
2026-02-23 16:57:44,120 - CurrencyMonitor - INFO - 💾 Снимок сохранен: /home/admin/Bot/FinamPy/data/snapshot_20260223_165744.json
2026-02-23 17:02:44,121 - CurrencyMonitor - INFO - 💾 Снимок сохранен: /home/admin/Bot/FinamPy/data/snapshot_20260223_170244.json
2026-02-23 17:07:44,122 - CurrencyMonitor - INFO - 💾 Снимок сохранен: /home/admin/Bot/FinamPy/data/snapshot_20260223_170744.json
2026-02-23 17:12:44,124 - CurrencyMonitor - INFO - 💾 Снимок сохранен: /home/admin/Bot/FinamPy/data/snapshot_20260223_171244.json
2026-02-23 17:17:44,125 - CurrencyMonitor - INFO - 💾 Снимок сохранен: /home/admin/Bot/FinamPy/data/snapshot_20260223_171744.json
2026-02-23 17:22:44,127 - CurrencyMonitor - INFO - 💾 Снимок сохранен: /home/admin/Bot/FinamPy/data/snapshot_20260223_172244.json
2026-02-23 17:27:44,128 - CurrencyMonitor - INFO - 💾 Снимок сохранен: /home/admin/Bot/FinamPy/data/snapshot_20260223_172744.json
2026-02-23 17:32:44,128 - CurrencyMonitor - INFO - 💾 Снимок сохранен: /home/admin/Bot/FinamPy/data/snapshot_20260223_173244.json
2026-02-23 17:37:44,129 - CurrencyMonitor - INFO - 💾 Снимок сохранен: /home/admin/Bot/FinamPy/data/snapshot_20260223_173744.json
2026-02-23 17:42:44,130 - CurrencyMonitor - INFO - 💾 Снимок сохранен: /home/admin/Bot/FinamPy/data/snapshot_20260223_174244.json
2026-02-23 17:47:44,131 - CurrencyMonitor - INFO - 💾 Снимок сохранен: /home/admin/Bot/FinamPy/data/snapshot_20260223_174744.json
2026-02-23 17:52:44,131 - CurrencyMonitor - INFO - 💾 Снимок сохранен: /home/admin/Bot/FinamPy/data/snapshot_20260223_175244.json
2026-02-23 17:57:44,132 - CurrencyMonitor - INFO - 💾 Снимок сохранен: /home/admin/Bot/FinamPy/data/snapshot_20260223_175744.json
2026-02-23 18:02:44,133 - CurrencyMonitor - INFO - 💾 Снимок сохранен: /home/admin/Bot/FinamPy/data/snapshot_20260223_180244.json
2026-02-23 18:07:44,134 - CurrencyMonitor - INFO - 💾 Снимок сохранен: /home/admin/Bot/FinamPy/data/snapshot_20260223_180744.json
2026-02-23 18:12:44,135 - CurrencyMonitor - INFO - 💾 Снимок сохранен: /home/admin/Bot/FinamPy/data/snapshot_20260223_181244.json
2026-02-23 18:17:44,136 - CurrencyMonitor - INFO - 💾 Снимок сохранен: /home/admin/Bot/FinamPy/data/snapshot_20260223_181744.json
2026-02-23 18:22:44,137 - CurrencyMonitor - INFO - 💾 Снимок сохранен: /home/admin/Bot/FinamPy/data/snapshot_20260223_182244.json
2026-02-23 18:27:44,138 - CurrencyMonitor - INFO - 💾 Снимок сохранен: /home/admin/Bot/FinamPy/data/snapshot_20260223_182744.json
2026-02-23 18:32:44,139 - CurrencyMonitor - INFO - 💾 Снимок сохранен: /home/admin/Bot/FinamPy/data/snapshot_20260223_183244.json
2026-02-23 18:37:44,140 - CurrencyMonitor - INFO - 💾 Снимок сохранен: /home/admin/Bot/FinamPy/data/snapshot_20260223_183744.json
2026-02-23 18:39:04,572 - Main - INFO - Инициализация подключения...
2026-02-23 18:39:04,572 - FinamConnection - INFO - 🔄 Подключение к Finam API...
2026-02-23 18:39:04,841 - FinamConnection - INFO - ✅ Подключено к счету: TRQD05:562750
2026-02-23 18:39:04,841 - Main - INFO - Создание монитора валют...
2026-02-23 18:39:04,841 - CurrencyMonitor - INFO - 💱 Монитор инициализирован: 17 валют
2026-02-23 18:39:04,841 - FinamConnection - INFO - ============================================================
2026-02-23 18:39:04,841 - FinamConnection - INFO - 🔍 ЗАПУСК ДИАГНОСТИКИ FINAM API
2026-02-23 18:39:04,841 - FinamConnection - INFO - ============================================================
2026-02-23 18:39:04,841 - FinamConnection - INFO - 
📡 1. Проверка подключения...
2026-02-23 18:39:04,841 - FinamConnection - INFO -    ✅ Подключение активно
2026-02-23 18:39:04,841 - FinamConnection - INFO - 
⏰ 2. Проверка времени на сервере...
2026-02-23 18:39:04,850 - FinamConnection - INFO -    ✅ Время синхронизировано (разница 0.9 сек)
2026-02-23 18:39:04,850 - FinamConnection - INFO - 
💰 3. Проверка счетов...
2026-02-23 18:39:04,850 - FinamConnection - INFO -    ✅ Найдено счетов: 1
2026-02-23 18:39:04,850 - FinamConnection - INFO -       - TRQD05:562750
2026-02-23 18:39:04,851 - FinamConnection - INFO - 
💱 4. Проверка валютной секции...
2026-02-23 18:39:04,851 - FinamConnection - INFO -    ⚠️ 🇺🇸 Доллар США: недоступна
2026-02-23 18:39:04,851 - FinamConnection - INFO -    ⚠️ 🇪🇺 Евро: недоступна
2026-02-23 18:39:04,851 - FinamConnection - INFO -    ⚠️ 🇨🇳 Китайский юань: недоступна
2026-02-23 18:39:04,851 - FinamConnection - INFO -    ⚠️ 🇬🇧 Фунт стерлингов: недоступна
2026-02-23 18:39:04,851 - FinamConnection - INFO -    ⚠️ 🇨🇭 Швейцарский франк: недоступна
2026-02-23 18:39:04,851 - FinamConnection - INFO -    ⚠️ 🇯🇵 Японская иена: недоступна
2026-02-23 18:39:04,851 - FinamConnection - INFO -    ⚠️ 🇭🇰 Гонконгский доллар: недоступна
2026-02-23 18:39:04,851 - FinamConnection - INFO -    ⚠️ 🇧🇾 Белорусский рубль: недоступна
2026-02-23 18:39:04,851 - FinamConnection - INFO -    ⚠️ 🇰🇿 Казахстанский тенге: недоступна
2026-02-23 18:39:04,851 - FinamConnection - INFO -    ⚠️ 🇹🇷 Турецкая лира: недоступна
2026-02-23 18:39:04,851 - FinamConnection - INFO -    ⚠️ 🇦🇺 Австралийский доллар: недоступна
2026-02-23 18:39:04,851 - FinamConnection - INFO -    ⚠️ 🇨🇦 Канадский доллар: недоступна
2026-02-23 18:39:04,851 - FinamConnection - INFO -    ⚠️ 🇳🇴 Норвежская крона: недоступна
2026-02-23 18:39:04,852 - FinamConnection - INFO -    ⚠️ 🇸🇪 Шведская крона: недоступна
2026-02-23 18:39:04,852 - FinamConnection - INFO -    ⚠️ 🇩🇰 Датская крона: недоступна
2026-02-23 18:39:04,852 - FinamConnection - INFO -    ⚠️ 🇨🇿 Чешская крона: недоступна
2026-02-23 18:39:04,852 - FinamConnection - INFO -    ⚠️ 🇵🇱 Польский злотый: недоступна
2026-02-23 18:39:04,852 - FinamConnection - INFO - 
📊 5. Проверка баланса...
2026-02-23 18:39:04,969 - FinamConnection - INFO - 
⚡ 6. Проверка скорости ответа...
2026-02-23 18:39:04,979 - FinamConnection - INFO -    ✅ Время ответа: 9.5 мс
2026-02-23 18:39:04,979 - FinamConnection - INFO - 
============================================================
2026-02-23 18:39:04,979 - FinamConnection - INFO - ✅ ДИАГНОСТИКА ЗАВЕРШЕНА
2026-02-23 18:39:04,980 - FinamConnection - INFO - ============================================================
2026-02-23 18:39:04,980 - CurrencyMonitor - INFO - 🛑 Мониторинг остановлен
2026-02-23 18:39:04,980 - CurrencyMonitor - INFO - 💾 Снимок сохранен: final_20260223_183904.json
2026-02-23 18:39:04,981 - FinamConnection - INFO - 🔌 Соединение закрыто
2026-02-23 18:39:04,981 - Main - INFO - Мониторинг остановлен
2026-02-23 18:42:44,140 - CurrencyMonitor - INFO - 💾 Снимок сохранен: /home/admin/Bot/FinamPy/data/snapshot_20260223_184244.json
2026-02-23 18:47:44,141 - CurrencyMonitor - INFO - 💾 Снимок сохранен: /home/admin/Bot/FinamPy/data/snapshot_20260223_184744.json
2026-02-23 18:52:44,142 - CurrencyMonitor - INFO - 💾 Снимок сохранен: /home/admin/Bot/FinamPy/data/snapshot_20260223_185244.json
2026-02-23 18:57:44,143 - CurrencyMonitor - INFO - 💾 Снимок сохранен: /home/admin/Bot/FinamPy/data/snapshot_20260223_185744.json
2026-02-23 19:02:44,144 - CurrencyMonitor - INFO - 💾 Снимок сохранен: /home/admin/Bot/FinamPy/data/snapshot_20260223_190244.json
2026-02-23 19:07:44,145 - CurrencyMonitor - INFO - 💾 Снимок сохранен: /home/admin/Bot/FinamPy/data/snapshot_20260223_190744.json
2026-02-23 19:12:44,146 - CurrencyMonitor - INFO - 💾 Снимок сохранен: /home/admin/Bot/FinamPy/data/snapshot_20260223_191244.json
2026-02-23 19:17:44,147 - CurrencyMonitor - INFO - 💾 Снимок сохранен: /home/admin/Bot/FinamPy/data/snapshot_20260223_191744.json
2026-02-23 19:22:44,148 - CurrencyMonitor - INFO - 💾 Снимок сохранен: /home/admin/Bot/FinamPy/data/snapshot_20260223_192244.json
2026-02-23 19:28:24,654 - Main - INFO - Инициализация подключения...
2026-02-23 19:28:24,654 - FinamConnection - INFO - 🔄 Подключение к Finam API...
2026-02-23 19:28:24,841 - FinamConnection - INFO - ✅ Подключено к счету: TRQD05:562750
2026-02-23 19:28:24,842 - Main - INFO - Создание монитора валют...
2026-02-23 19:28:24,842 - CurrencyMonitor - INFO - 💱 Монитор инициализирован: 17 валют
2026-02-23 19:28:24,842 - FinamConnection - INFO - ============================================================
2026-02-23 19:28:24,842 - FinamConnection - INFO - 🔍 ЗАПУСК ДИАГНОСТИКИ FINAM API
2026-02-23 19:28:24,842 - FinamConnection - INFO - ============================================================
2026-02-23 19:28:24,842 - FinamConnection - INFO - 
📡 1. Проверка подключения...
2026-02-23 19:28:24,842 - FinamConnection - INFO -    ✅ Подключение активно
2026-02-23 19:28:24,842 - FinamConnection - INFO - 
⏰ 2. Проверка времени на сервере...
2026-02-23 19:28:24,852 - FinamConnection - INFO -    ✅ Время синхронизировано (разница 0.9 сек)
2026-02-23 19:28:24,852 - FinamConnection - INFO - 
💰 3. Проверка счетов...
2026-02-23 19:28:24,852 - FinamConnection - INFO -    ✅ Найдено счетов: 1
2026-02-23 19:28:24,852 - FinamConnection - INFO -       - TRQD05:562750
2026-02-23 19:28:24,852 - FinamConnection - INFO - 
💱 4. Проверка валютной секции...
2026-02-23 19:28:24,853 - FinamConnection - INFO -    ⚠️ 🇺🇸 Доллар США: недоступна
2026-02-23 19:28:24,853 - FinamConnection - INFO -    ⚠️ 🇪🇺 Евро: недоступна
2026-02-23 19:28:24,853 - FinamConnection - INFO -    ⚠️ 🇨🇳 Китайский юань: недоступна
2026-02-23 19:28:24,853 - FinamConnection - INFO -    ⚠️ 🇬🇧 Фунт стерлингов: недоступна
2026-02-23 19:28:24,853 - FinamConnection - INFO -    ⚠️ 🇨🇭 Швейцарский франк: недоступна
2026-02-23 19:28:24,853 - FinamConnection - INFO -    ⚠️ 🇯🇵 Японская иена: недоступна
2026-02-23 19:28:24,853 - FinamConnection - INFO -    ⚠️ 🇭🇰 Гонконгский доллар: недоступна
2026-02-23 19:28:24,853 - FinamConnection - INFO -    ⚠️ 🇧🇾 Белорусский рубль: недоступна
2026-02-23 19:28:24,853 - FinamConnection - INFO -    ⚠️ 🇰🇿 Казахстанский тенге: недоступна
2026-02-23 19:28:24,853 - FinamConnection - INFO -    ⚠️ 🇹🇷 Турецкая лира: недоступна
2026-02-23 19:28:24,853 - FinamConnection - INFO -    ⚠️ 🇦🇺 Австралийский доллар: недоступна
2026-02-23 19:28:24,854 - FinamConnection - INFO -    ⚠️ 🇨🇦 Канадский доллар: недоступна
2026-02-23 19:28:24,854 - FinamConnection - INFO -    ⚠️ 🇳🇴 Норвежская крона: недоступна
2026-02-23 19:28:24,854 - FinamConnection - INFO -    ⚠️ 🇸🇪 Шведская крона: недоступна
2026-02-23 19:28:24,854 - FinamConnection - INFO -    ⚠️ 🇩🇰 Датская крона: недоступна
2026-02-23 19:28:24,854 - FinamConnection - INFO -    ⚠️ 🇨🇿 Чешская крона: недоступна
2026-02-23 19:28:24,854 - FinamConnection - INFO -    ⚠️ 🇵🇱 Польский злотый: недоступна
2026-02-23 19:28:24,854 - FinamConnection - INFO - 
📊 5. Проверка баланса...
2026-02-23 19:28:24,910 - FinamConnection - INFO - 
⚡ 6. Проверка скорости ответа...
2026-02-23 19:28:24,915 - FinamConnection - INFO -    ✅ Время ответа: 4.6 мс
2026-02-23 19:28:24,916 - FinamConnection - INFO - 
============================================================
2026-02-23 19:28:24,916 - FinamConnection - INFO - ✅ ДИАГНОСТИКА ЗАВЕРШЕНА
2026-02-23 19:28:24,916 - FinamConnection - INFO - ============================================================
2026-02-23 19:28:24,916 - CurrencyMonitor - INFO - 🛑 Мониторинг остановлен
2026-02-23 19:28:24,917 - CurrencyMonitor - INFO - 💾 Снимок сохранен: final_20260223_192824.json
2026-02-23 19:28:24,917 - FinamConnection - INFO - 🔌 Соединение закрыто
2026-02-23 19:28:24,917 - Main - INFO - Мониторинг остановлен
